<testsuites name="jest tests" tests="4" failures="0" time="2.387">
    <testsuite name="undefined" errors="0" failures="0" skipped="0" timestamp="2024-12-23T07:46:00" time="2.387" tests="4">
        <testcase classname=" Initial articles render correctly" name=" Initial articles render correctly" time="0.062">
        </testcase>
        <testcase classname=" Clicking on top renders expected articles" name=" Clicking on top renders expected articles" time="0.028">
        </testcase>
        <testcase classname=" Clicking on newest renders expected articles" name=" Clicking on newest renders expected articles" time="0.033">
        </testcase>
        <testcase classname=" Sequence of navigation clicks renders expected articles" name=" Sequence of navigation clicks renders expected articles" time="0.056">
        </testcase>
    </testsuite>
</testsuites>